2025-05-18 17:28:13,985 - INFO - Запуск Instagram бота...
2025-05-18 17:28:13,987 - INFO - Завантаження збереженої сесії...
2025-05-18 17:28:14,990 - INFO - https://i.instagram.com/api/v1/accounts/current_user/?edit=true
2025-05-18 17:28:15,816 - INFO - None [200] GET https://i.instagram.com/api/v1/accounts/current_user/?edit=true (269.0.0.18.75, OnePlus 6T Dev)
2025-05-18 17:28:15,818 - INFO - Успішний вхід як molli19ai
2025-05-18 17:28:15,820 - INFO - Бот успішно запущено!
2025-05-18 17:28:16,822 - INFO - https://i.instagram.com/api/v1/direct_v2/inbox/
2025-05-18 17:28:18,300 - INFO - None [200] GET https://i.instagram.com/api/v1/direct_v2/inbox/?visual_message_return_type=unseen&thread_message_limit=10&persistentBadging=true&limit=20&is_prefetching=false (269.0.0.18.75, OnePlus 6T Dev)
2025-05-18 17:28:18,364 - INFO - Отримано 20 діалогів
2025-05-18 17:28:18,364 - INFO - Отримано повідомлення: Good afternoon gorgeous
2025-05-18 17:28:23,080 - INFO - Обмірковую відповідь... (очікування 13с)
2025-05-18 17:28:37,089 - INFO - https://i.instagram.com/api/v1/direct_v2/threads/broadcast/text/
2025-05-18 17:28:37,649 - INFO - None [400] POST https://i.instagram.com/api/v1/direct_v2/threads/broadcast/text/ (269.0.0.18.75, OnePlus 6T Dev)
2025-05-18 17:28:37,651 - ERROR - ⚠️ Помилка відправки повідомлення: We're sorry, but something went wrong. Please try again.
2025-05-18 17:28:37,656 - INFO - Завантаження збереженої сесії...
2025-05-18 17:28:38,665 - INFO - https://i.instagram.com/api/v1/accounts/current_user/?edit=true
2025-05-18 17:28:40,173 - INFO - None [200] GET https://i.instagram.com/api/v1/accounts/current_user/?edit=true (269.0.0.18.75, OnePlus 6T Dev)
2025-05-18 17:28:40,176 - INFO - Успішний вхід як molli19ai
2025-05-18 17:28:41,180 - INFO - https://i.instagram.com/api/v1/direct_v2/threads/broadcast/text/
2025-05-18 17:28:41,634 - INFO - None [400] POST https://i.instagram.com/api/v1/direct_v2/threads/broadcast/text/ (269.0.0.18.75, OnePlus 6T Dev)
2025-05-18 17:28:41,636 - ERROR - ⚠️ Помилка відправки після повторного входу: We're sorry, but something went wrong. Please try again.
2025-05-18 17:28:41,648 - INFO - Отримано повідомлення: Почему нет , сначало интрегуешь потом кидаешь зачем так делать?
2025-05-18 17:28:46,466 - INFO - Обмірковую відповідь... (очікування 5с)
2025-05-18 17:28:52,471 - INFO - https://i.instagram.com/api/v1/direct_v2/threads/broadcast/text/
2025-05-18 17:28:52,962 - INFO - None [400] POST https://i.instagram.com/api/v1/direct_v2/threads/broadcast/text/ (269.0.0.18.75, OnePlus 6T Dev)
2025-05-18 17:28:52,964 - ERROR - ⚠️ Помилка відправки повідомлення: We're sorry, but something went wrong. Please try again.
2025-05-18 17:28:52,969 - INFO - Завантаження збереженої сесії...
2025-05-18 17:28:53,977 - INFO - https://i.instagram.com/api/v1/accounts/current_user/?edit=true
2025-05-18 17:28:54,588 - INFO - None [200] GET https://i.instagram.com/api/v1/accounts/current_user/?edit=true (269.0.0.18.75, OnePlus 6T Dev)
2025-05-18 17:28:54,589 - INFO - Успішний вхід як molli19ai
2025-05-18 17:28:55,591 - INFO - https://i.instagram.com/api/v1/direct_v2/threads/broadcast/text/
2025-05-18 17:28:56,036 - INFO - None [400] POST https://i.instagram.com/api/v1/direct_v2/threads/broadcast/text/ (269.0.0.18.75, OnePlus 6T Dev)
2025-05-18 17:28:56,038 - ERROR - ⚠️ Помилка відправки після повторного входу: We're sorry, but something went wrong. Please try again.
2025-05-18 17:28:56,049 - INFO - Отримано повідомлення: Hello. I'm also very happy😘
2025-05-18 17:29:05,211 - INFO - Обмірковую відповідь... (очікування 10с)
2025-05-18 17:29:16,215 - INFO - https://i.instagram.com/api/v1/direct_v2/threads/broadcast/text/
2025-05-18 17:29:16,704 - INFO - None [400] POST https://i.instagram.com/api/v1/direct_v2/threads/broadcast/text/ (269.0.0.18.75, OnePlus 6T Dev)
2025-05-18 17:29:16,706 - ERROR - ⚠️ Помилка відправки повідомлення: We're sorry, but something went wrong. Please try again.
2025-05-18 17:29:16,712 - INFO - Завантаження збереженої сесії...
2025-05-18 17:29:17,720 - INFO - https://i.instagram.com/api/v1/accounts/current_user/?edit=true
2025-05-18 17:29:17,742 - WARNING - Retrying (Retry(total=2, connect=None, read=None, redirect=None, status=None)) after connection broken by 'NameResolutionError("<urllib3.connection.HTTPSConnection object at 0x77e61f7c1ca0>: Failed to resolve 'i.instagram.com' ([Errno -3] Temporary failure in name resolution)")': /api/v1/accounts/current_user/?edit=true
2025-05-18 17:29:21,122 - INFO - Отримано сигнал завершення. Завершення програми.
2025-05-18 17:35:37,487 - INFO - Запуск Instagram бота...
2025-05-18 17:35:37,495 - INFO - Завантаження збереженої сесії...
2025-05-18 17:35:38,500 - INFO - https://i.instagram.com/api/v1/accounts/current_user/?edit=true
2025-05-18 17:35:39,451 - INFO - None [200] GET https://i.instagram.com/api/v1/accounts/current_user/?edit=true (269.0.0.18.75, OnePlus 6T Dev)
2025-05-18 17:35:39,457 - INFO - Успішний вхід як molli19ai
2025-05-18 17:35:39,457 - INFO - Бот успішно запущено!
2025-05-18 17:35:40,466 - INFO - https://i.instagram.com/api/v1/direct_v2/inbox/
2025-05-18 17:35:41,794 - INFO - None [200] GET https://i.instagram.com/api/v1/direct_v2/inbox/?visual_message_return_type=unseen&thread_message_limit=10&persistentBadging=true&limit=20&is_prefetching=false (269.0.0.18.75, OnePlus 6T Dev)
2025-05-18 17:35:41,868 - INFO - Отримано 20 діалогів
2025-05-18 17:35:41,869 - INFO - Отримано повідомлення: Good afternoon gorgeous
2025-05-18 17:35:51,847 - INFO - Обмірковую відповідь... (очікування 5с)
2025-05-18 17:35:57,851 - INFO - https://i.instagram.com/api/v1/direct_v2/threads/broadcast/text/
2025-05-18 17:35:58,572 - INFO - None [400] POST https://i.instagram.com/api/v1/direct_v2/threads/broadcast/text/ (269.0.0.18.75, OnePlus 6T Dev)
2025-05-18 17:35:58,573 - ERROR - ⚠️ Помилка відправки повідомлення: We're sorry, but something went wrong. Please try again.
2025-05-18 17:35:58,576 - INFO - Завантаження збереженої сесії...
2025-05-18 17:35:59,578 - INFO - https://i.instagram.com/api/v1/accounts/current_user/?edit=true
2025-05-18 17:36:00,212 - INFO - None [200] GET https://i.instagram.com/api/v1/accounts/current_user/?edit=true (269.0.0.18.75, OnePlus 6T Dev)
2025-05-18 17:36:00,217 - INFO - Успішний вхід як molli19ai
2025-05-18 17:36:01,220 - INFO - https://i.instagram.com/api/v1/direct_v2/threads/broadcast/text/
2025-05-18 17:36:01,334 - INFO - None [400] POST https://i.instagram.com/api/v1/direct_v2/threads/broadcast/text/ (269.0.0.18.75, OnePlus 6T Dev)
2025-05-18 17:36:01,335 - ERROR - ⚠️ Помилка відправки після повторного входу: We're sorry, but something went wrong. Please try again.
2025-05-18 17:36:01,342 - INFO - Отримано повідомлення: Почему нет , сначало интрегуешь потом кидаешь зачем так делать?
2025-05-18 17:36:08,592 - INFO - Обмірковую відповідь... (очікування 13с)
2025-05-18 17:36:22,595 - INFO - https://i.instagram.com/api/v1/direct_v2/threads/broadcast/text/
2025-05-18 17:36:22,714 - INFO - None [400] POST https://i.instagram.com/api/v1/direct_v2/threads/broadcast/text/ (269.0.0.18.75, OnePlus 6T Dev)
2025-05-18 17:36:22,716 - ERROR - ⚠️ Помилка відправки повідомлення: We're sorry, but something went wrong. Please try again.
2025-05-18 17:36:22,722 - INFO - Завантаження збереженої сесії...
2025-05-18 17:36:23,729 - INFO - https://i.instagram.com/api/v1/accounts/current_user/?edit=true
2025-05-18 17:36:29,590 - INFO - None [200] GET https://i.instagram.com/api/v1/accounts/current_user/?edit=true (269.0.0.18.75, OnePlus 6T Dev)
2025-05-18 17:36:29,592 - INFO - Успішний вхід як molli19ai
2025-05-18 17:36:30,597 - INFO - https://i.instagram.com/api/v1/direct_v2/threads/broadcast/text/
2025-05-18 17:36:30,708 - INFO - None [400] POST https://i.instagram.com/api/v1/direct_v2/threads/broadcast/text/ (269.0.0.18.75, OnePlus 6T Dev)
2025-05-18 17:36:30,708 - ERROR - ⚠️ Помилка відправки після повторного входу: We're sorry, but something went wrong. Please try again.
2025-05-18 17:36:30,711 - INFO - Отримано повідомлення: Hello. I'm also very happy😘
2025-05-18 17:36:41,181 - INFO - Обмірковую відповідь... (очікування 6с)
2025-05-18 17:36:48,183 - INFO - https://i.instagram.com/api/v1/direct_v2/threads/broadcast/text/
2025-05-18 17:36:48,567 - INFO - None [400] POST https://i.instagram.com/api/v1/direct_v2/threads/broadcast/text/ (269.0.0.18.75, OnePlus 6T Dev)
2025-05-18 17:36:48,574 - ERROR - ⚠️ Помилка відправки повідомлення: We're sorry, but something went wrong. Please try again.
2025-05-18 17:36:48,583 - INFO - Завантаження збереженої сесії...
2025-05-18 17:36:49,128 - INFO - Отримано сигнал завершення. Завершення програми.
2025-05-18 17:38:25,728 - INFO - Запуск Instagram бота...
2025-05-18 17:38:25,732 - INFO - Завантаження збереженої сесії...
2025-05-18 17:38:26,735 - INFO - https://i.instagram.com/api/v1/accounts/current_user/?edit=true
2025-05-18 17:38:27,480 - INFO - None [200] GET https://i.instagram.com/api/v1/accounts/current_user/?edit=true (269.0.0.18.75, OnePlus 6T Dev)
2025-05-18 17:38:27,481 - INFO - Успішний вхід як molli19ai
2025-05-18 17:38:27,486 - INFO - Додаткові налаштування клієнта застосовані
2025-05-18 17:38:59,125 - INFO - https://i.instagram.com/api/v1/accounts/current_user/?edit=true
2025-05-18 17:38:59,860 - INFO - None [200] GET https://i.instagram.com/api/v1/accounts/current_user/?edit=true (269.0.0.18.75, OnePlus 6T Dev)
2025-05-18 17:38:59,864 - INFO - Перевірка обмежень для користувача molli19ai
2025-05-18 17:39:32,569 - INFO - [None] [201] GET https://www.instagram.com/molli19ai/?__a=1&__d=dis
2025-05-18 17:39:32,570 - ERROR - Status 201: JSONDecodeError in public_request (url=https://www.instagram.com/molli19ai/?__a=1&__d=dis) >>> 
2025-05-18 17:40:06,725 - INFO - [None] [201] GET https://www.instagram.com/molli19ai/?__a=1&__d=dis
2025-05-18 17:40:06,727 - ERROR - Status 201: JSONDecodeError in public_request (url=https://www.instagram.com/molli19ai/?__a=1&__d=dis) >>> 
2025-05-18 17:40:41,810 - INFO - [None] [201] GET https://www.instagram.com/molli19ai/?__a=1&__d=dis
2025-05-18 17:40:41,812 - ERROR - Status 201: JSONDecodeError in public_request (url=https://www.instagram.com/molli19ai/?__a=1&__d=dis) >>> 
2025-05-18 17:41:14,376 - INFO - https://i.instagram.com/api/v1/users/molli19ai/usernameinfo/
2025-05-18 17:41:15,053 - INFO - None [200] GET https://i.instagram.com/api/v1/users/molli19ai/usernameinfo/ (269.0.0.18.75, OnePlus 6T Dev)
2025-05-18 17:41:15,056 - INFO - Акаунт має 141 підписників і 308 підписок
2025-05-18 17:41:15,058 - INFO - Звичайний акаунт: стандартні ліміти
2025-05-18 17:41:15,058 - INFO - Бот успішно запущено!
2025-05-18 17:41:47,062 - INFO - https://i.instagram.com/api/v1/direct_v2/inbox/
2025-05-18 17:41:48,438 - INFO - None [200] GET https://i.instagram.com/api/v1/direct_v2/inbox/?visual_message_return_type=unseen&thread_message_limit=10&persistentBadging=true&limit=20&is_prefetching=false (269.0.0.18.75, OnePlus 6T Dev)
2025-05-18 17:41:48,487 - INFO - Отримано 20 діалогів
2025-05-18 17:41:48,489 - INFO - Отримано повідомлення: Good afternoon gorgeous
2025-05-18 17:41:58,578 - INFO - Обмірковую відповідь... (очікування 6с)
2025-05-18 17:42:04,581 - INFO - Спроба відправки повідомлення довжиною 980 символів
2025-05-18 17:42:35,665 - INFO - https://i.instagram.com/api/v1/direct_v2/threads/broadcast/text/
2025-05-18 17:42:35,754 - INFO - None [400] POST https://i.instagram.com/api/v1/direct_v2/threads/broadcast/text/ (269.0.0.18.75, OnePlus 6T Dev)
2025-05-18 17:42:35,763 - ERROR - ⚠️ Помилка відправки повідомлення: We're sorry, but something went wrong. Please try again.
2025-05-18 17:42:35,764 - INFO - Спроба відправки простого повідомлення...
2025-05-18 17:43:07,326 - INFO - https://i.instagram.com/api/v1/direct_v2/threads/broadcast/text/
2025-05-18 17:43:07,475 - INFO - None [400] POST https://i.instagram.com/api/v1/direct_v2/threads/broadcast/text/ (269.0.0.18.75, OnePlus 6T Dev)
2025-05-18 17:43:07,476 - ERROR - ⚠️ Помилка відправки простого повідомлення: We're sorry, but something went wrong. Please try again.
2025-05-18 17:43:07,478 - INFO - Спроба повторного входу...
2025-05-18 17:43:07,482 - INFO - Завантаження збереженої сесії...
2025-05-18 17:43:08,489 - INFO - https://i.instagram.com/api/v1/accounts/current_user/?edit=true
2025-05-18 17:43:09,339 - INFO - None [200] GET https://i.instagram.com/api/v1/accounts/current_user/?edit=true (269.0.0.18.75, OnePlus 6T Dev)
2025-05-18 17:43:09,343 - INFO - Успішний вхід як molli19ai
2025-05-18 17:43:09,344 - INFO - Додаткові налаштування клієнта застосовані
2025-05-18 17:43:41,562 - INFO - https://i.instagram.com/api/v1/direct_v2/threads/broadcast/text/
2025-05-18 17:43:41,691 - INFO - None [400] POST https://i.instagram.com/api/v1/direct_v2/threads/broadcast/text/ (269.0.0.18.75, OnePlus 6T Dev)
2025-05-18 17:43:41,692 - ERROR - ⚠️ Помилка відправки після повторного входу: We're sorry, but something went wrong. Please try again.
2025-05-18 17:43:41,692 - ERROR - Можливо, проблема з обмеженнями Instagram API
2025-05-18 17:43:41,779 - INFO - Отримано повідомлення: Почему нет , сначало интрегуешь потом кидаешь зачем так делать?
2025-05-18 17:43:48,048 - INFO - Обмірковую відповідь... (очікування 7с)
2025-05-18 17:43:55,062 - INFO - Спроба відправки повідомлення довжиною 1005 символів
2025-05-18 17:44:27,977 - INFO - https://i.instagram.com/api/v1/direct_v2/threads/broadcast/text/
2025-05-18 17:44:28,221 - INFO - None [400] POST https://i.instagram.com/api/v1/direct_v2/threads/broadcast/text/ (269.0.0.18.75, OnePlus 6T Dev)
2025-05-18 17:44:28,222 - ERROR - ⚠️ Помилка відправки повідомлення: We're sorry, but something went wrong. Please try again.
2025-05-18 17:44:28,223 - INFO - Спроба відправки простого повідомлення...
2025-05-18 17:44:48,128 - INFO - Отримано сигнал завершення. Завершення програми.
2025-05-18 17:46:45,875 - INFO - Запуск Instagram бота...
2025-05-18 17:46:45,880 - INFO - Завантаження збереженої сесії...
2025-05-18 17:46:46,883 - INFO - https://i.instagram.com/api/v1/accounts/current_user/?edit=true
2025-05-18 17:46:48,016 - INFO - None [200] GET https://i.instagram.com/api/v1/accounts/current_user/?edit=true (269.0.0.18.75, OnePlus 6T Dev)
2025-05-18 17:46:48,020 - INFO - Успішний вхід як molli19ai
2025-05-18 17:46:48,024 - INFO - Додаткові налаштування клієнта застосовані
2025-05-18 17:46:48,025 - INFO - Перевірка статусу облікового запису...
2025-05-18 17:47:20,438 - INFO - https://i.instagram.com/api/v1/accounts/current_user/?edit=true
2025-05-18 17:47:21,408 - INFO - None [403] GET https://i.instagram.com/api/v1/accounts/current_user/?edit=true (269.0.0.18.75, OnePlus 6T Dev)
2025-05-18 17:47:21,410 - ERROR - Помилка при отриманні інформації про акаунт: login_required
2025-05-18 17:47:21,411 - INFO - Бот успішно запущено!
2025-05-18 17:47:21,412 - ERROR - ⚠️ Глобальна помилка в reply_to_dms: Login required
2025-05-18 17:47:21,412 - ERROR - ⚠️ Глобальна помилка в reply_to_comments: int() argument must be a string, a bytes-like object or a real number, not 'NoneType'
2025-05-18 17:47:21,413 - INFO - 🔁 Очікування перед наступною перевіркою...
2025-05-18 17:47:51,413 - ERROR - ⚠️ Глобальна помилка в reply_to_dms: Login required
2025-05-18 17:47:51,416 - ERROR - ⚠️ Глобальна помилка в reply_to_comments: int() argument must be a string, a bytes-like object or a real number, not 'NoneType'
2025-05-18 17:47:51,419 - INFO - 🔁 Очікування перед наступною перевіркою...
2025-05-18 17:48:21,422 - ERROR - ⚠️ Глобальна помилка в reply_to_dms: Login required
2025-05-18 17:48:21,424 - ERROR - ⚠️ Глобальна помилка в reply_to_comments: int() argument must be a string, a bytes-like object or a real number, not 'NoneType'
2025-05-18 17:48:21,425 - INFO - 🔁 Очікування перед наступною перевіркою...
2025-05-18 17:48:51,426 - ERROR - ⚠️ Глобальна помилка в reply_to_dms: Login required
2025-05-18 17:48:51,430 - ERROR - ⚠️ Глобальна помилка в reply_to_comments: int() argument must be a string, a bytes-like object or a real number, not 'NoneType'
2025-05-18 17:48:51,436 - INFO - 🔁 Очікування перед наступною перевіркою...
2025-05-18 17:49:21,437 - ERROR - ⚠️ Глобальна помилка в reply_to_dms: Login required
2025-05-18 17:49:21,440 - ERROR - ⚠️ Глобальна помилка в reply_to_comments: int() argument must be a string, a bytes-like object or a real number, not 'NoneType'
2025-05-18 17:49:21,442 - INFO - 🔁 Очікування перед наступною перевіркою...
2025-05-18 17:49:51,444 - ERROR - ⚠️ Глобальна помилка в reply_to_dms: Login required
2025-05-18 17:49:51,447 - ERROR - ⚠️ Глобальна помилка в reply_to_comments: int() argument must be a string, a bytes-like object or a real number, not 'NoneType'
2025-05-18 17:49:51,447 - INFO - 🔁 Очікування перед наступною перевіркою...
2025-05-18 17:50:21,449 - ERROR - ⚠️ Глобальна помилка в reply_to_dms: Login required
2025-05-18 17:50:21,453 - ERROR - ⚠️ Глобальна помилка в reply_to_comments: int() argument must be a string, a bytes-like object or a real number, not 'NoneType'
2025-05-18 17:50:21,456 - INFO - 🔁 Очікування перед наступною перевіркою...
2025-05-18 17:50:51,459 - ERROR - ⚠️ Глобальна помилка в reply_to_dms: Login required
2025-05-18 17:50:51,461 - ERROR - ⚠️ Глобальна помилка в reply_to_comments: int() argument must be a string, a bytes-like object or a real number, not 'NoneType'
2025-05-18 17:50:51,462 - INFO - 🔁 Очікування перед наступною перевіркою...
2025-05-18 17:51:21,463 - ERROR - ⚠️ Глобальна помилка в reply_to_dms: Login required
2025-05-18 17:51:21,464 - ERROR - ⚠️ Глобальна помилка в reply_to_comments: int() argument must be a string, a bytes-like object or a real number, not 'NoneType'
2025-05-18 17:51:21,466 - INFO - 🔁 Очікування перед наступною перевіркою...
2025-05-18 17:51:51,467 - ERROR - ⚠️ Глобальна помилка в reply_to_dms: Login required
2025-05-18 17:51:51,468 - ERROR - ⚠️ Глобальна помилка в reply_to_comments: int() argument must be a string, a bytes-like object or a real number, not 'NoneType'
2025-05-18 17:51:51,471 - INFO - 🔁 Очікування перед наступною перевіркою...
2025-05-18 17:52:21,473 - ERROR - ⚠️ Глобальна помилка в reply_to_dms: Login required
2025-05-18 17:52:21,474 - ERROR - ⚠️ Глобальна помилка в reply_to_comments: int() argument must be a string, a bytes-like object or a real number, not 'NoneType'
2025-05-18 17:52:21,474 - INFO - 🔁 Очікування перед наступною перевіркою...
2025-05-18 17:52:51,475 - ERROR - ⚠️ Глобальна помилка в reply_to_dms: Login required
2025-05-18 17:52:51,478 - ERROR - ⚠️ Глобальна помилка в reply_to_comments: int() argument must be a string, a bytes-like object or a real number, not 'NoneType'
2025-05-18 17:52:51,481 - INFO - 🔁 Очікування перед наступною перевіркою...
2025-05-18 17:53:21,482 - ERROR - ⚠️ Глобальна помилка в reply_to_dms: Login required
2025-05-18 17:53:21,483 - ERROR - ⚠️ Глобальна помилка в reply_to_comments: int() argument must be a string, a bytes-like object or a real number, not 'NoneType'
2025-05-18 17:53:21,487 - INFO - 🔁 Очікування перед наступною перевіркою...
2025-05-18 17:53:26,756 - INFO - Отримано сигнал завершення. Завершення програми.
2025-05-18 17:53:44,653 - INFO - Запуск Instagram бота...
2025-05-18 17:53:44,655 - INFO - Додаткові налаштування клієнта застосовані
2025-05-18 17:53:44,656 - INFO - Завантаження збереженої сесії...
2025-05-18 17:54:16,364 - INFO - https://i.instagram.com/api/v1/accounts/current_user/?edit=true
2025-05-18 17:54:17,249 - INFO - None [200] GET https://i.instagram.com/api/v1/accounts/current_user/?edit=true (269.0.0.18.75, OnePlus 6T Dev)
2025-05-18 17:54:17,251 - INFO - Успішний вхід як molli19ai
2025-05-18 17:54:17,254 - INFO - Перевірка статусу облікового запису...
2025-05-18 17:54:48,602 - INFO - https://i.instagram.com/api/v1/accounts/current_user/?edit=true
2025-05-18 17:54:49,023 - INFO - None [200] GET https://i.instagram.com/api/v1/accounts/current_user/?edit=true (269.0.0.18.75, OnePlus 6T Dev)
2025-05-18 17:54:49,026 - INFO - Успішно отримано інформацію про акаунт: molli19ai
2025-05-18 17:55:22,622 - INFO - [None] [200] GET https://www.instagram.com/graphql/query/?variables=%7B%22user_id%22%3A%2270627455319%22%2C%22include_reel%22%3Atrue%7D&query_hash=ad99dd9d3646cc3c0dda65debcd266a7
2025-05-18 17:55:22,623 - ERROR - 'data'
Traceback (most recent call last):
  File "/home/lucian/Стільниця/InstaGF_Bot/myenv/lib/python3.12/site-packages/instagrapi/mixins/user.py", line 272, in user_info
    user = self.user_info_gql(user_id)
           ^^^^^^^^^^^^^^^^^^^^^^^^^^^
  File "/home/lucian/Стільниця/InstaGF_Bot/myenv/lib/python3.12/site-packages/instagrapi/mixins/user.py", line 222, in user_info_gql
    self.username_from_user_id_gql(user_id)
  File "/home/lucian/Стільниця/InstaGF_Bot/myenv/lib/python3.12/site-packages/instagrapi/mixins/user.py", line 102, in username_from_user_id_gql
    return self.user_short_gql(user_id).username
           ^^^^^^^^^^^^^^^^^^^^^^^^^^^^
  File "/home/lucian/Стільниця/InstaGF_Bot/myenv/lib/python3.12/site-packages/instagrapi/mixins/user.py", line 75, in user_short_gql
    data = self.public_graphql_request(
           ^^^^^^^^^^^^^^^^^^^^^^^^^^^^
  File "/home/lucian/Стільниця/InstaGF_Bot/myenv/lib/python3.12/site-packages/instagrapi/mixins/public.py", line 275, in public_graphql_request
    return body_json["data"]
           ~~~~~~~~~^^^^^^^^
KeyError: 'data'
2025-05-18 17:55:55,312 - INFO - https://i.instagram.com/api/v1/users/70627455319/info/
2025-05-18 17:55:55,926 - INFO - None [200] GET https://i.instagram.com/api/v1/users/70627455319/info/ (269.0.0.18.75, OnePlus 6T Dev)
2025-05-18 17:55:55,932 - INFO - Акаунт активний. Ім'я користувача: molli19ai
2025-05-18 17:55:55,933 - INFO - Бот успішно запущено!
2025-05-18 17:56:27,986 - INFO - https://i.instagram.com/api/v1/accounts/current_user/?edit=true
2025-05-18 17:56:29,156 - INFO - None [200] GET https://i.instagram.com/api/v1/accounts/current_user/?edit=true (269.0.0.18.75, OnePlus 6T Dev)
2025-05-18 17:56:56,495 - INFO - Отримано сигнал завершення. Завершення програми.
2025-05-18 18:00:55,015 - INFO - Запуск Instagram бота...
2025-05-18 18:00:55,019 - INFO - Додаткові налаштування клієнта застосовані
2025-05-18 18:00:55,020 - INFO - Завантаження збереженої сесії...
2025-05-18 18:01:27,913 - INFO - https://i.instagram.com/api/v1/accounts/current_user/?edit=true
2025-05-18 18:01:28,625 - INFO - None [200] GET https://i.instagram.com/api/v1/accounts/current_user/?edit=true (269.0.0.18.75, OnePlus 6T Dev)
2025-05-18 18:01:28,629 - INFO - Успішний вхід як molli19ai
2025-05-18 18:01:28,629 - INFO - Перевірка статусу облікового запису...
2025-05-18 18:02:00,751 - INFO - https://i.instagram.com/api/v1/accounts/current_user/?edit=true
2025-05-18 18:02:01,153 - INFO - None [200] GET https://i.instagram.com/api/v1/accounts/current_user/?edit=true (269.0.0.18.75, OnePlus 6T Dev)
2025-05-18 18:02:01,155 - INFO - Успішно отримано інформацію про акаунт: molli19ai
2025-05-18 18:02:01,156 - INFO - Акаунт активний. Ім'я користувача: molli19ai
2025-05-18 18:02:01,157 - INFO - Бот успішно запущено!
2025-05-18 18:02:33,439 - INFO - https://i.instagram.com/api/v1/accounts/current_user/?edit=true
2025-05-18 18:02:33,893 - INFO - None [200] GET https://i.instagram.com/api/v1/accounts/current_user/?edit=true (269.0.0.18.75, OnePlus 6T Dev)
2025-05-18 18:03:05,148 - INFO - https://i.instagram.com/api/v1/accounts/current_user/?edit=true
2025-05-18 18:03:05,715 - INFO - None [200] GET https://i.instagram.com/api/v1/accounts/current_user/?edit=true (269.0.0.18.75, OnePlus 6T Dev)
2025-05-18 18:03:36,936 - INFO - https://i.instagram.com/api/v1/direct_v2/inbox/
2025-05-18 18:03:39,068 - INFO - None [200] GET https://i.instagram.com/api/v1/direct_v2/inbox/?visual_message_return_type=unseen&thread_message_limit=10&persistentBadging=true&limit=20&is_prefetching=false (269.0.0.18.75, OnePlus 6T Dev)
2025-05-18 18:03:39,105 - INFO - Отримано 20 діалогів
2025-05-18 18:03:39,106 - INFO - Отримано повідомлення: Ти приедешь ко мне в Таиланд?
2025-05-18 18:03:54,515 - INFO - Обмірковую відповідь... (очікування 15с)
2025-05-18 18:04:09,518 - INFO - Спроба відправки повідомлення довжиною 1005 символів
2025-05-18 18:04:42,451 - INFO - https://i.instagram.com/api/v1/direct_v2/threads/broadcast/text/
2025-05-18 18:04:42,571 - INFO - None [400] POST https://i.instagram.com/api/v1/direct_v2/threads/broadcast/text/ (269.0.0.18.75, OnePlus 6T Dev)
2025-05-18 18:04:42,573 - ERROR - ⚠️ Помилка відправки повідомлення: We're sorry, but something went wrong. Please try again.
2025-05-18 18:04:42,575 - INFO - Спроба відправки простого повідомлення...
2025-05-18 18:05:14,497 - INFO - https://i.instagram.com/api/v1/direct_v2/threads/broadcast/text/
2025-05-18 18:05:14,884 - INFO - None [400] POST https://i.instagram.com/api/v1/direct_v2/threads/broadcast/text/ (269.0.0.18.75, OnePlus 6T Dev)
2025-05-18 18:05:14,885 - ERROR - ⚠️ Помилка відправки простого повідомлення: We're sorry, but something went wrong. Please try again.
2025-05-18 18:05:14,886 - INFO - Спроба повторного входу...
2025-05-18 18:05:14,889 - INFO - Додаткові налаштування клієнта застосовані
2025-05-18 18:05:14,890 - INFO - Завантаження збереженої сесії...
2025-05-18 18:05:46,720 - INFO - https://i.instagram.com/api/v1/accounts/current_user/?edit=true
2025-05-18 18:05:47,463 - INFO - None [200] GET https://i.instagram.com/api/v1/accounts/current_user/?edit=true (269.0.0.18.75, OnePlus 6T Dev)
2025-05-18 18:05:47,466 - INFO - Успішний вхід як molli19ai
2025-05-18 18:06:19,055 - INFO - https://i.instagram.com/api/v1/direct_v2/threads/broadcast/text/
2025-05-18 18:06:19,203 - INFO - None [400] POST https://i.instagram.com/api/v1/direct_v2/threads/broadcast/text/ (269.0.0.18.75, OnePlus 6T Dev)
2025-05-18 18:06:19,205 - ERROR - ⚠️ Помилка відправки після повторного входу: We're sorry, but something went wrong. Please try again.
2025-05-18 18:06:19,207 - ERROR - Можливо, проблема з обмеженнями Instagram API
2025-05-18 18:06:19,227 - INFO - Отримано повідомлення: Good afternoon gorgeous
2025-05-18 18:06:28,069 - INFO - Обмірковую відповідь... (очікування 9с)
2025-05-18 18:06:37,070 - INFO - Спроба відправки повідомлення довжиною 1005 символів
2025-05-18 18:07:08,124 - INFO - https://i.instagram.com/api/v1/direct_v2/threads/broadcast/text/
2025-05-18 18:07:08,533 - INFO - None [400] POST https://i.instagram.com/api/v1/direct_v2/threads/broadcast/text/ (269.0.0.18.75, OnePlus 6T Dev)
2025-05-18 18:07:08,535 - ERROR - ⚠️ Помилка відправки повідомлення: We're sorry, but something went wrong. Please try again.
2025-05-18 18:07:08,537 - INFO - Спроба відправки простого повідомлення...
2025-05-18 18:07:39,715 - INFO - https://i.instagram.com/api/v1/direct_v2/threads/broadcast/text/
2025-05-18 18:07:39,800 - INFO - None [400] POST https://i.instagram.com/api/v1/direct_v2/threads/broadcast/text/ (269.0.0.18.75, OnePlus 6T Dev)
2025-05-18 18:07:39,801 - ERROR - ⚠️ Помилка відправки простого повідомлення: We're sorry, but something went wrong. Please try again.
2025-05-18 18:07:39,802 - INFO - Спроба повторного входу...
2025-05-18 18:07:39,805 - INFO - Додаткові налаштування клієнта застосовані
2025-05-18 18:07:39,806 - INFO - Завантаження збереженої сесії...
2025-05-18 18:08:12,685 - INFO - https://i.instagram.com/api/v1/accounts/current_user/?edit=true
2025-05-18 18:08:14,860 - INFO - None [200] GET https://i.instagram.com/api/v1/accounts/current_user/?edit=true (269.0.0.18.75, OnePlus 6T Dev)
2025-05-18 18:08:14,878 - INFO - Успішний вхід як molli19ai
2025-05-18 18:08:46,335 - INFO - https://i.instagram.com/api/v1/direct_v2/threads/broadcast/text/
2025-05-18 18:08:46,451 - INFO - None [400] POST https://i.instagram.com/api/v1/direct_v2/threads/broadcast/text/ (269.0.0.18.75, OnePlus 6T Dev)
2025-05-18 18:08:46,455 - ERROR - ⚠️ Помилка відправки після повторного входу: We're sorry, but something went wrong. Please try again.
2025-05-18 18:08:46,458 - ERROR - Можливо, проблема з обмеженнями Instagram API
2025-05-18 18:08:46,466 - INFO - Отримано повідомлення: Hello. I'm also very happy😘
2025-05-18 18:08:59,571 - INFO - Обмірковую відповідь... (очікування 7с)
2025-05-18 18:09:06,574 - INFO - Спроба відправки повідомлення довжиною 1005 символів
2025-05-18 18:09:37,656 - INFO - https://i.instagram.com/api/v1/direct_v2/threads/broadcast/text/
2025-05-18 18:09:38,478 - INFO - None [400] POST https://i.instagram.com/api/v1/direct_v2/threads/broadcast/text/ (269.0.0.18.75, OnePlus 6T Dev)
2025-05-18 18:09:38,480 - ERROR - ⚠️ Помилка відправки повідомлення: We're sorry, but something went wrong. Please try again.
2025-05-18 18:09:38,482 - INFO - Спроба відправки простого повідомлення...
2025-05-18 18:10:11,008 - INFO - https://i.instagram.com/api/v1/direct_v2/threads/broadcast/text/
2025-05-18 18:10:11,450 - INFO - None [400] POST https://i.instagram.com/api/v1/direct_v2/threads/broadcast/text/ (269.0.0.18.75, OnePlus 6T Dev)
2025-05-18 18:10:11,452 - ERROR - ⚠️ Помилка відправки простого повідомлення: We're sorry, but something went wrong. Please try again.
2025-05-18 18:10:11,452 - INFO - Спроба повторного входу...
2025-05-18 18:10:11,454 - INFO - Додаткові налаштування клієнта застосовані
2025-05-18 18:10:11,455 - INFO - Завантаження збереженої сесії...
2025-05-18 18:10:43,395 - INFO - https://i.instagram.com/api/v1/accounts/current_user/?edit=true
2025-05-18 18:10:44,929 - INFO - None [200] GET https://i.instagram.com/api/v1/accounts/current_user/?edit=true (269.0.0.18.75, OnePlus 6T Dev)
2025-05-18 18:10:44,933 - INFO - Успішний вхід як molli19ai
2025-05-18 18:11:17,088 - INFO - https://i.instagram.com/api/v1/direct_v2/threads/broadcast/text/
2025-05-18 18:11:17,314 - INFO - None [400] POST https://i.instagram.com/api/v1/direct_v2/threads/broadcast/text/ (269.0.0.18.75, OnePlus 6T Dev)
2025-05-18 18:11:17,317 - ERROR - ⚠️ Помилка відправки після повторного входу: We're sorry, but something went wrong. Please try again.
2025-05-18 18:11:17,318 - ERROR - Можливо, проблема з обмеженнями Instagram API
2025-05-18 18:11:17,330 - INFO - Отримано повідомлення: 🔥
2025-05-18 18:11:26,875 - INFO - Обмірковую відповідь... (очікування 12с)
2025-05-18 18:11:38,879 - INFO - Спроба відправки повідомлення довжиною 1005 символів
2025-05-18 18:12:06,247 - INFO - Отримано сигнал завершення. Завершення програми.
2025-05-18 18:12:23,926 - INFO - Запуск Instagram бота...
2025-05-18 18:12:23,929 - INFO - Додаткові налаштування клієнта застосовані
2025-05-18 18:12:23,930 - INFO - Завантаження збереженої сесії...
2025-05-18 18:12:56,727 - INFO - https://i.instagram.com/api/v1/accounts/current_user/?edit=true
2025-05-18 18:12:57,641 - INFO - None [200] GET https://i.instagram.com/api/v1/accounts/current_user/?edit=true (269.0.0.18.75, OnePlus 6T Dev)
2025-05-18 18:12:57,643 - INFO - Успішний вхід як molli19ai
2025-05-18 18:12:57,645 - INFO - Перевірка статусу облікового запису...
2025-05-18 18:13:30,594 - INFO - https://i.instagram.com/api/v1/accounts/current_user/?edit=true
2025-05-18 18:13:31,446 - INFO - None [200] GET https://i.instagram.com/api/v1/accounts/current_user/?edit=true (269.0.0.18.75, OnePlus 6T Dev)
2025-05-18 18:13:31,450 - INFO - Успішно отримано інформацію про акаунт: molli19ai
2025-05-18 18:13:31,451 - INFO - Акаунт активний. Ім'я користувача: molli19ai
2025-05-18 18:13:31,453 - INFO - Бот успішно запущено!
2025-05-18 18:13:58,264 - INFO - Отримано сигнал завершення. Завершення програми.
2025-05-18 18:14:08,131 - INFO - Запуск Instagram бота...
2025-05-18 18:14:08,137 - INFO - Додаткові налаштування клієнта застосовані
2025-05-18 18:14:08,137 - INFO - Вхід з обліковими даними...
2025-05-18 18:14:10,678 - INFO - https://i.instagram.com/api/v1/launcher/sync/
2025-05-18 18:14:11,152 - INFO - molli19ai [200] POST https://i.instagram.com/api/v1/launcher/sync/ (269.0.0.18.75, OnePlus 6T Dev)
2025-05-18 18:14:13,944 - INFO - https://i.instagram.com/api/v1/accounts/login/
2025-05-18 18:14:19,971 - INFO - molli19ai [400] POST https://i.instagram.com/api/v1/accounts/login/ (269.0.0.18.75, OnePlus 6T Dev)
2025-05-18 18:14:49,975 - INFO - https://i.instagram.com/api/v1/challenge/ASg2hjY_pmXIdjMbzoMHsWzaiYBbFVmOL0uxAjAa32ByLGXts1TSLdXRu5i22twvfrXftSE/ASQH3LWnmSI-dRDWml2kPFE09lDvH8xKm4wtXxGpcF-GgwVG7Aj4dlKEtkzdbnv6f75I5Yv4KZH7rQ/
2025-05-18 18:14:50,277 - INFO - molli19ai [200] GET https://i.instagram.com/api/v1/challenge/ASg2hjY_pmXIdjMbzoMHsWzaiYBbFVmOL0uxAjAa32ByLGXts1TSLdXRu5i22twvfrXftSE/ASQH3LWnmSI-dRDWml2kPFE09lDvH8xKm4wtXxGpcF-GgwVG7Aj4dlKEtkzdbnv6f75I5Yv4KZH7rQ/?guid=c1553257-bc11-46f5-8637-03db0763c9da&device_id=android-6325e46b400c24f1&challenge_context=Af47na5dQIj7K6ezS2O8ao9vvBwTFPKXxdVdPmTMYX_me1sA51MVO01aERlacLzeZNv5uFJWNPMZdnAXttIMap7oW_AXWlMjUtIYE8Ai0VFhSdItf1nSrDqtwtIpjUjpSE_gY0xFKjGmjW3CFjBZzowE8c4hn0abvyyVmtMZP-ChE9WJyEQ_dAzWBvzQCKTBxGvDTHad3qg12KAqZgYcYbn14oFWe-9Kb2SbMDjn4l8tp2wuIeyQyCmSj9DgBLdpRH_pPWTKrFsuXTFj-rKcjwmRbHcDxlXYWLL2rIkcIVaE_6Le0RqNl32bi5Slfq1OaURccZ_CSn1_fUsNIdPK5eEEaIklfOjpC6rbzBdN0mDxFb0TWIhc7w00rM3OLBx6Vto0TBCYXxyGEzZDWf4CeHXVbqvHHU-z9lF1UqUmPaajoW1eTaMvN8LxmpZZujbUh0Wji8nnxDuSNDNHV3eneaJa7OK085QuUZsQvTQ-1qoEcRv_lV2EaGitY1v_Nl2ZjT8IFMwL3QznJP3oySe5UzbrUoF0B6cAakRbhCTndRFwqoIusT_PjnBH2qXOZl1ZsPHxK5dI3rG2d0nfmQU (269.0.0.18.75, OnePlus 6T Dev)
2025-05-18 18:14:50,281 - INFO - https://i.instagram.com/api/v1/accounts/login/
2025-05-18 18:14:55,881 - INFO - molli19ai [200] POST https://i.instagram.com/api/v1/accounts/login/ (269.0.0.18.75, OnePlus 6T Dev)
2025-05-18 18:15:27,857 - INFO - https://i.instagram.com/api/v1/feed/reels_tray/
2025-05-18 18:15:28,890 - INFO - molli19ai [200] POST https://i.instagram.com/api/v1/feed/reels_tray/ (269.0.0.18.75, OnePlus 6T Dev)
2025-05-18 18:16:00,925 - INFO - https://i.instagram.com/api/v1/feed/timeline/
2025-05-18 18:16:05,229 - INFO - molli19ai [200] POST https://i.instagram.com/api/v1/feed/timeline/ (269.0.0.18.75, OnePlus 6T Dev)
2025-05-18 18:16:05,255 - INFO - Вхід успішний!
2025-05-18 18:16:37,282 - INFO - https://i.instagram.com/api/v1/accounts/current_user/?edit=true
2025-05-18 18:16:37,860 - INFO - molli19ai [200] GET https://i.instagram.com/api/v1/accounts/current_user/?edit=true (269.0.0.18.75, OnePlus 6T Dev)
2025-05-18 18:16:37,865 - INFO - Сесію збережено у session.json
2025-05-18 18:16:37,865 - INFO - Перевірка статусу облікового запису...
2025-05-18 18:17:09,165 - INFO - https://i.instagram.com/api/v1/accounts/current_user/?edit=true
2025-05-18 18:17:09,709 - INFO - molli19ai [200] GET https://i.instagram.com/api/v1/accounts/current_user/?edit=true (269.0.0.18.75, OnePlus 6T Dev)
2025-05-18 18:17:09,714 - INFO - Успішно отримано інформацію про акаунт: molli19ai
2025-05-18 18:17:09,717 - INFO - Акаунт активний. Ім'я користувача: molli19ai
2025-05-18 18:17:09,719 - INFO - Бот успішно запущено!
2025-05-18 18:17:40,882 - INFO - https://i.instagram.com/api/v1/accounts/current_user/?edit=true
2025-05-18 18:17:41,599 - INFO - molli19ai [200] GET https://i.instagram.com/api/v1/accounts/current_user/?edit=true (269.0.0.18.75, OnePlus 6T Dev)
2025-05-18 18:18:14,413 - INFO - https://i.instagram.com/api/v1/accounts/current_user/?edit=true
2025-05-18 18:18:15,146 - INFO - molli19ai [200] GET https://i.instagram.com/api/v1/accounts/current_user/?edit=true (269.0.0.18.75, OnePlus 6T Dev)
2025-05-18 18:18:46,598 - INFO - https://i.instagram.com/api/v1/direct_v2/inbox/
2025-05-18 18:18:48,930 - INFO - molli19ai [200] GET https://i.instagram.com/api/v1/direct_v2/inbox/?visual_message_return_type=unseen&thread_message_limit=10&persistentBadging=true&limit=20&is_prefetching=false (269.0.0.18.75, OnePlus 6T Dev)
2025-05-18 18:18:48,970 - INFO - Отримано 20 діалогів
2025-05-18 18:18:48,971 - INFO - Отримано повідомлення: Ти приедешь ко мне в Таиланд?
2025-05-18 18:18:58,061 - INFO - Обмірковую відповідь... (очікування 13с)
2025-05-18 18:19:11,063 - INFO - Спроба відправки повідомлення довжиною 1005 символів
2025-05-18 18:19:42,798 - INFO - https://i.instagram.com/api/v1/direct_v2/threads/broadcast/text/
2025-05-18 18:19:43,766 - INFO - molli19ai [400] POST https://i.instagram.com/api/v1/direct_v2/threads/broadcast/text/ (269.0.0.18.75, OnePlus 6T Dev)
2025-05-18 18:19:43,768 - ERROR - ⚠️ Помилка відправки повідомлення: We're sorry, but something went wrong. Please try again.
2025-05-18 18:19:43,772 - INFO - Спроба відправки простого повідомлення...
2025-05-18 18:20:16,474 - INFO - https://i.instagram.com/api/v1/direct_v2/threads/broadcast/text/
2025-05-18 18:20:17,250 - INFO - molli19ai [400] POST https://i.instagram.com/api/v1/direct_v2/threads/broadcast/text/ (269.0.0.18.75, OnePlus 6T Dev)
2025-05-18 18:20:17,254 - ERROR - ⚠️ Помилка відправки простого повідомлення: We're sorry, but something went wrong. Please try again.
2025-05-18 18:20:17,256 - INFO - Спроба повторного входу...
2025-05-18 18:20:17,265 - INFO - Додаткові налаштування клієнта застосовані
2025-05-18 18:20:17,266 - INFO - Завантаження збереженої сесії...
2025-05-18 18:20:48,780 - INFO - https://i.instagram.com/api/v1/accounts/current_user/?edit=true
2025-05-18 18:20:50,397 - INFO - None [200] GET https://i.instagram.com/api/v1/accounts/current_user/?edit=true (269.0.0.18.75, OnePlus 6T Dev)
2025-05-18 18:20:50,401 - INFO - Успішний вхід як molli19ai
2025-05-18 18:21:23,139 - INFO - https://i.instagram.com/api/v1/direct_v2/threads/broadcast/text/
2025-05-18 18:21:23,229 - INFO - None [400] POST https://i.instagram.com/api/v1/direct_v2/threads/broadcast/text/ (269.0.0.18.75, OnePlus 6T Dev)
2025-05-18 18:21:23,231 - ERROR - ⚠️ Помилка відправки після повторного входу: We're sorry, but something went wrong. Please try again.
2025-05-18 18:21:23,232 - ERROR - Можливо, проблема з обмеженнями Instagram API
2025-05-18 18:21:23,246 - INFO - Отримано повідомлення: Good afternoon gorgeous
2025-05-18 18:21:27,633 - INFO - Обмірковую відповідь... (очікування 7с)
2025-05-18 18:21:34,635 - INFO - Спроба відправки повідомлення довжиною 1005 символів
2025-05-18 18:22:05,799 - INFO - https://i.instagram.com/api/v1/direct_v2/threads/broadcast/text/
2025-05-18 18:22:06,097 - INFO - None [400] POST https://i.instagram.com/api/v1/direct_v2/threads/broadcast/text/ (269.0.0.18.75, OnePlus 6T Dev)
2025-05-18 18:22:06,099 - ERROR - ⚠️ Помилка відправки повідомлення: We're sorry, but something went wrong. Please try again.
2025-05-18 18:22:06,101 - INFO - Спроба відправки простого повідомлення...
2025-05-18 18:22:38,042 - INFO - https://i.instagram.com/api/v1/direct_v2/threads/broadcast/text/
2025-05-18 18:22:38,152 - INFO - None [400] POST https://i.instagram.com/api/v1/direct_v2/threads/broadcast/text/ (269.0.0.18.75, OnePlus 6T Dev)
2025-05-18 18:22:38,153 - ERROR - ⚠️ Помилка відправки простого повідомлення: We're sorry, but something went wrong. Please try again.
2025-05-18 18:22:38,157 - INFO - Спроба повторного входу...
2025-05-18 18:22:38,159 - INFO - Додаткові налаштування клієнта застосовані
2025-05-18 18:22:38,161 - INFO - Завантаження збереженої сесії...
2025-05-18 18:23:09,983 - INFO - https://i.instagram.com/api/v1/accounts/current_user/?edit=true
2025-05-18 18:23:10,649 - INFO - None [200] GET https://i.instagram.com/api/v1/accounts/current_user/?edit=true (269.0.0.18.75, OnePlus 6T Dev)
2025-05-18 18:23:10,651 - INFO - Успішний вхід як molli19ai
2025-05-18 18:23:42,160 - INFO - https://i.instagram.com/api/v1/direct_v2/threads/broadcast/text/
2025-05-18 18:23:42,319 - INFO - None [400] POST https://i.instagram.com/api/v1/direct_v2/threads/broadcast/text/ (269.0.0.18.75, OnePlus 6T Dev)
2025-05-18 18:23:42,323 - ERROR - ⚠️ Помилка відправки після повторного входу: We're sorry, but something went wrong. Please try again.
2025-05-18 18:23:42,324 - ERROR - Можливо, проблема з обмеженнями Instagram API
2025-05-18 18:23:42,329 - INFO - Отримано повідомлення: Hello. I'm also very happy😘
2025-05-18 18:23:50,564 - INFO - Обмірковую відповідь... (очікування 13с)
2025-05-18 18:24:03,565 - INFO - Спроба відправки повідомлення довжиною 877 символів
2025-05-18 18:24:35,736 - INFO - https://i.instagram.com/api/v1/direct_v2/threads/broadcast/text/
2025-05-18 18:24:35,860 - INFO - None [400] POST https://i.instagram.com/api/v1/direct_v2/threads/broadcast/text/ (269.0.0.18.75, OnePlus 6T Dev)
2025-05-18 18:24:35,863 - ERROR - ⚠️ Помилка відправки повідомлення: We're sorry, but something went wrong. Please try again.
2025-05-18 18:24:35,865 - INFO - Спроба відправки простого повідомлення...
2025-05-18 18:25:07,441 - INFO - https://i.instagram.com/api/v1/direct_v2/threads/broadcast/text/
2025-05-18 18:25:07,541 - INFO - None [400] POST https://i.instagram.com/api/v1/direct_v2/threads/broadcast/text/ (269.0.0.18.75, OnePlus 6T Dev)
2025-05-18 18:25:07,544 - ERROR - ⚠️ Помилка відправки простого повідомлення: We're sorry, but something went wrong. Please try again.
2025-05-18 18:25:07,546 - INFO - Спроба повторного входу...
2025-05-18 18:25:07,554 - INFO - Додаткові налаштування клієнта застосовані
2025-05-18 18:25:07,555 - INFO - Завантаження збереженої сесії...
2025-05-18 18:25:39,780 - INFO - https://i.instagram.com/api/v1/accounts/current_user/?edit=true
2025-05-18 18:25:40,423 - INFO - None [200] GET https://i.instagram.com/api/v1/accounts/current_user/?edit=true (269.0.0.18.75, OnePlus 6T Dev)
2025-05-18 18:25:40,424 - INFO - Успішний вхід як molli19ai
2025-05-18 18:26:11,943 - INFO - https://i.instagram.com/api/v1/direct_v2/threads/broadcast/text/
2025-05-18 18:26:12,196 - INFO - None [400] POST https://i.instagram.com/api/v1/direct_v2/threads/broadcast/text/ (269.0.0.18.75, OnePlus 6T Dev)
2025-05-18 18:26:12,197 - ERROR - ⚠️ Помилка відправки після повторного входу: We're sorry, but something went wrong. Please try again.
2025-05-18 18:26:12,198 - ERROR - Можливо, проблема з обмеженнями Instagram API
2025-05-18 18:26:12,204 - INFO - Отримано повідомлення: 🔥
2025-05-18 18:26:17,996 - INFO - Обмірковую відповідь... (очікування 6с)
2025-05-18 18:26:23,996 - INFO - Спроба відправки повідомлення довжиною 845 символів
2025-05-18 18:26:46,345 - INFO - Отримано сигнал завершення. Завершення програми.
